C51 COMPILER V9.54   CONFIG                                                                01/13/2020 15:12:59 PAGE 1   


C51 COMPILER V9.54, COMPILATION OF MODULE CONFIG
OBJECT MODULE PLACED IN .\Objects\config.obj
COMPILER INVOKED BY: D:\keil_v5\C51\BIN\C51.EXE config.c OPTIMIZE(8,SPEED) BROWSE DEBUG OBJECTEXTEND PRINT(.\Listings\co
                    -nfig.lst) TABS(2) OBJECT(.\Objects\config.obj)

line level    source

   1          #include "config.h"
   2          void sleep(uint t)//—” ±,∫¡√Îº∂,
   3          {
   4   1        uint a,b;
   5   1        for(a=0;a<t;a++)
   6   1          for(b=0;b<110;b++)
   7   1            ;
   8   1      }


MODULE INFORMATION:   STATIC OVERLAYABLE
   CODE SIZE        =     32    ----
   CONSTANT SIZE    =   ----    ----
   XDATA SIZE       =   ----    ----
   PDATA SIZE       =   ----    ----
   DATA SIZE        =   ----    ----
   IDATA SIZE       =   ----    ----
   BIT SIZE         =   ----    ----
END OF MODULE INFORMATION.


C51 COMPILATION COMPLETE.  0 WARNING(S),  0 ERROR(S)
