C51 COMPILER V9.54   GUI                                                                   12/09/2019 12:05:58 PAGE 1   


C51 COMPILER V9.54, COMPILATION OF MODULE GUI
OBJECT MODULE PLACED IN .\Objects\gui.obj
COMPILER INVOKED BY: D:\keil_v5\C51\BIN\C51.EXE gui.c OPTIMIZE(8,SPEED) BROWSE DEBUG OBJECTEXTEND PRINT(.\Listings\gui.l
                    -st) TABS(2) OBJECT(.\Objects\gui.obj)

line level    source

   1          #include "gui.h"
   2          
   3          void ShowImg(uchar code *DData){
   4   1        uchar x,y,i;
   5   1        uint tmp=0;
   6   1        for(i=0;i<9;){    //分两屏，上半屏和下半屏，因为起始地址不同，需要分开
   7   2        for(x=0;x<32;x++){        //每屏32行
   8   3          WriteCom(0x34); //绘图关，扩充功能
*** WARNING C206 IN LINE 8 OF gui.c: 'WriteCom': missing function-prototype
*** ERROR C267 IN LINE 8 OF gui.c: 'WriteCom': requires ANSI-style prototype
   9   3          WriteCom(0x80+x);//列地址
  10   3          WriteCom(0x80+i); //行首地址，下半屏，即第三行地址0X88
  11   3          WriteCom(0x30);   
  12   3          for(y=0;y<16;y++) 
  13   3            WriteDat(DData[tmp+y]);//读取数据写入LCD，128个点
  14   3          tmp+=16;    
  15   3        }
  16   2        i+=8;
  17   2        }
  18   1        WriteCom(0x36); //扩充功能设定,绘图开
  19   1        WriteCom(0x30);
  20   1      }

C51 COMPILATION COMPLETE.  1 WARNING(S),  1 ERROR(S)
