C51 COMPILER V9.54   LCD12864                                                              01/13/2020 15:12:58 PAGE 1   


C51 COMPILER V9.54, COMPILATION OF MODULE LCD12864
OBJECT MODULE PLACED IN .\Objects\lcd12864.obj
COMPILER INVOKED BY: D:\keil_v5\C51\BIN\C51.EXE lcd12864.c OPTIMIZE(8,SPEED) BROWSE DEBUG OBJECTEXTEND PRINT(.\Listings\
                    -lcd12864.lst) TABS(2) OBJECT(.\Objects\lcd12864.obj)

line level    source

   1          #include "lcd12864.h"
   2          #include "config.h"
   3          
   4          sbit LCD_E=P1^2;
   5          sbit LCD_RS=P1^0;
   6          sbit LCD_WR=P1^1;
   7          sbit LCD_RST=P1^3;
   8          #define DAT P0
   9          
  10          void ReadBusy()//读忙
  11          {
  12   1        uchar timeout =0;
  13   1        DAT=0xff;
  14   1        LCD_E=0;LCD_RS=0;LCD_WR=1;
  15   1        LCD_E=1;
  16   1        while(DAT&0x80)
  17   1        {
  18   2          timeout++;
  19   2          sleep(1);
  20   2          if(timeout>=60)
  21   2            break;
  22   2        }
  23   1        LCD_E=0;
  24   1      }
  25          
  26          void WriteCom(uchar com)//写命令
  27          {
  28   1        ReadBusy();
  29   1        LCD_E=0;LCD_RS=0;LCD_WR=0;
  30   1        _nop_();
  31   1        _nop_();
  32   1        DAT=com;
  33   1        _nop_();
  34   1        _nop_();
  35   1        LCD_E=1;
  36   1        sleep(1);
  37   1        LCD_E=0;
  38   1      }
  39          
  40          void WriteDat(uchar dat)//写数据
  41          {
  42   1        ReadBusy();
  43   1        LCD_E=0;LCD_RS=1;LCD_WR=0;
  44   1        _nop_();
  45   1        _nop_();
  46   1        DAT=dat;
  47   1        _nop_();
  48   1        _nop_();
  49   1        LCD_E=1;
  50   1        sleep(1);
  51   1        LCD_E=0;
  52   1      }
  53          
  54          void LcdPrint(uchar y,uchar x,uchar *p)//在指定位置打印字符串
C51 COMPILER V9.54   LCD12864                                                              01/13/2020 15:12:58 PAGE 2   

  55          {
  56   1      //  if(y<0||y>3||x<0||x>15)//防止输入超范围
  57   1      //  {
  58   1      //    y=x=0;
  59   1      //  }
  60   1        switch(y)
  61   1        {
  62   2          case 0: WriteCom(0x80+x);break;
  63   2          case 1: WriteCom(0x90+x);break;
  64   2          case 2: WriteCom(0x88+x);break;
  65   2          case 3: WriteCom(0x98+x);break;
  66   2        }
  67   1        while(*p!=0)
  68   1        {
  69   2          WriteDat(*p);
  70   2          p++;
  71   2        }
  72   1      }
  73          
  74          void LcdInit()//初始化
  75          {
  76   1      
  77   1        LCD_RST=0;
  78   1        sleep(50);
  79   1        LCD_RST=1;
  80   1        sleep(400);//等待进入工作状态
  81   1        WriteCom(0x30);
  82   1        sleep(50);
  83   1        WriteCom(0x01);
  84   1        sleep(50);
  85   1        WriteCom(0x06);
  86   1        sleep(50);
  87   1        WriteCom(0x0c);
  88   1        sleep(50);
  89   1      }
  90          
  91          //void ShowImg(uchar *DData)
  92          //{
  93          //  uchar x,y,i;
  94          //  uint tmp=0;
  95          //  for(i=0;i<9;){    //分两屏，上半屏和下半屏，因为起始地址不同，需要分开
  96          //  for(x=0;x<32;x++){        //每屏32行
  97          //    WriteCom(0x34); //绘图关，扩充功能
  98          //    WriteCom(0x80+x);//列地址
  99          //    WriteCom(0x80+i); //行首地址，下半屏，即第三行地址0X88
 100          //    WriteCom(0x30);   
 101          //    for(y=0;y<16;y++) 
 102          //      WriteDat(DData[tmp+y]);//读取数据写入LCD，128个点
 103          //    tmp+=16;    
 104          //  }
 105          //  i+=8;
 106          //  }
 107          //  WriteCom(0x36); //扩充功能设定,绘图开
 108          //  WriteCom(0x30);
 109          //}


MODULE INFORMATION:   STATIC OVERLAYABLE
   CODE SIZE        =    241    ----
   CONSTANT SIZE    =   ----    ----
   XDATA SIZE       =   ----    ----
   PDATA SIZE       =   ----    ----
C51 COMPILER V9.54   LCD12864                                                              01/13/2020 15:12:58 PAGE 3   

   DATA SIZE        =   ----       7
   IDATA SIZE       =   ----    ----
   BIT SIZE         =   ----    ----
END OF MODULE INFORMATION.


C51 COMPILATION COMPLETE.  0 WARNING(S),  0 ERROR(S)
